<?xml version="1.0" encoding="UTF-8"?>
<testng-results total="4" passed="3" failed="1" skipped="0">
  <reporter-output>
    <line>
      <![CDATA[OpenApplication]]>
    </line>
    <line>
      <![CDATA[Tittle is not matched::]]>
    </line>
    <line>
      <![CDATA[OrangeHRM - New Level of HR Management]]>
    </line>
    <line>
      <![CDATA[Application is Login]]>
    </line>
    <line>
      <![CDATA[Tittle is Verified::]]>
    </line>
    <line>
      <![CDATA[Application is Logout::]]>
    </line>
    <line>
      <![CDATA[Close the application]]>
    </line>
    <line>
      <![CDATA[OpenApplication]]>
    </line>
    <line>
      <![CDATA[Tittle is Verified::]]>
    </line>
    <line>
      <![CDATA[Application is Login]]>
    </line>
    <line>
      <![CDATA[Tittle is Verified::]]>
    </line>
    <line>
      <![CDATA[Enter the Frame]]>
    </line>
    <line>
      <![CDATA[AddEmployee is SucessFull]]>
    </line>
    <line>
      <![CDATA[Tittle is Verified::]]>
    </line>
    <line>
      <![CDATA[Exit the Frame::]]>
    </line>
    <line>
      <![CDATA[Application is Logout::]]>
    </line>
    <line>
      <![CDATA[Close the application]]>
    </line>
    <line>
      <![CDATA[OpenApplication]]>
    </line>
    <line>
      <![CDATA[Tittle is not matched::]]>
    </line>
    <line>
      <![CDATA[OrangeHRM - New Level of HR Management]]>
    </line>
    <line>
      <![CDATA[Application is Login]]>
    </line>
    <line>
      <![CDATA[Tittle is Verified::]]>
    </line>
    <line>
      <![CDATA[Enter the Frame]]>
    </line>
    <line>
      <![CDATA[OpenApplication]]>
    </line>
    <line>
      <![CDATA[Tittle is not matched::]]>
    </line>
    <line>
      <![CDATA[OrangeHRM - New Level of HR Management]]>
    </line>
    <line>
      <![CDATA[Application is Login]]>
    </line>
    <line>
      <![CDATA[Tittle is Verified::]]>
    </line>
    <line>
      <![CDATA[Enter the Frame]]>
    </line>
    <line>
      <![CDATA[AddEmployee is SucessFull]]>
    </line>
    <line>
      <![CDATA[Tittle is Verified::]]>
    </line>
    <line>
      <![CDATA[Edit Employee is successfull]]>
    </line>
    <line>
      <![CDATA[Exit the Frame::]]>
    </line>
    <line>
      <![CDATA[Application is Logout::]]>
    </line>
    <line>
      <![CDATA[Close the application]]>
    </line>
  </reporter-output>
  <suite started-at="2024-01-02T10:40:12Z" name="SUITE2" finished-at="2024-01-02T10:41:14Z" duration-ms="61761">
    <groups>
    </groups>
    <test started-at="2024-01-02T10:40:12Z" name="NoPackage" finished-at="2024-01-02T10:41:14Z" duration-ms="61761">
      <class name="com.hrms.testscripts.TC001_Login_Logout">
        <test-method signature="tcoo1()[pri:0, instance:com.hrms.testscripts.TC001_Login_Logout@298a5e20]" started-at="2024-01-02T16:10:12Z" name="tcoo1" finished-at="2024-01-02T16:10:20Z" duration-ms="7894" status="PASS">
          <reporter-output>
            <line>
              <![CDATA[OpenApplication]]>
            </line>
            <line>
              <![CDATA[Tittle is not matched::]]>
            </line>
            <line>
              <![CDATA[OrangeHRM - New Level of HR Management]]>
            </line>
            <line>
              <![CDATA[Application is Login]]>
            </line>
            <line>
              <![CDATA[Tittle is Verified::]]>
            </line>
            <line>
              <![CDATA[Application is Logout::]]>
            </line>
            <line>
              <![CDATA[Close the application]]>
            </line>
          </reporter-output>
        </test-method> <!-- tcoo1 -->
      </class> <!-- com.hrms.testscripts.TC001_Login_Logout -->
      <class name="com.hrms.testscripts.TC003_DeleteEmployee">
        <test-method signature="deleteEmployee()[pri:0, instance:com.hrms.testscripts.TC003_DeleteEmployee@2ddc9a9f]" started-at="2024-01-02T16:10:37Z" name="deleteEmployee" finished-at="2024-01-02T16:10:46Z" duration-ms="9036" status="FAIL">
          <exception class="org.openqa.selenium.NoSuchElementException">
            <message>
              <![CDATA[no such element: Unable to locate element: {"method":"css selector","selector":"*[name='chkLocID[]']"}
  (Session info: chrome=120.0.6099.130)
For documentation on this error, please visit: https://www.selenium.dev/documentation/webdriver/troubleshooting/errors#no-such-element-exception
Build info: version: '4.15.0', revision: '1d14b5521b'
System info: os.name: 'Windows 10', os.arch: 'amd64', os.version: '10.0', java.version: '17.0.3'
Driver info: org.openqa.selenium.chrome.ChromeDriver
Command: [483f12fee172c8eb170a131cd3e4228e, findElement {using=name, value=chkLocID[]}]
Capabilities {acceptInsecureCerts: false, browserName: chrome, browserVersion: 120.0.6099.130, chrome: {chromedriverVersion: 120.0.6099.109 (3419140ab66..., userDataDir: C:\Users\vasuk\AppData\Loca...}, fedcm:accounts: true, goog:chromeOptions: {debuggerAddress: localhost:52287}, networkConnectionEnabled: false, pageLoadStrategy: normal, platformName: windows, proxy: Proxy(), se:cdp: ws://localhost:52287/devtoo..., se:cdpVersion: 120.0.6099.130, setWindowRect: true, strictFileInteractability: false, timeouts: {implicit: 0, pageLoad: 300000, script: 30000}, unhandledPromptBehavior: dismiss and notify, webauthn:extension:credBlob: true, webauthn:extension:largeBlob: true, webauthn:extension:minPinLength: true, webauthn:extension:prf: true, webauthn:virtualAuthenticators: true}
Session ID: 483f12fee172c8eb170a131cd3e4228e]]>
            </message>
            <full-stacktrace>
              <![CDATA[org.openqa.selenium.NoSuchElementException: no such element: Unable to locate element: {"method":"css selector","selector":"*[name='chkLocID[]']"}
  (Session info: chrome=120.0.6099.130)
For documentation on this error, please visit: https://www.selenium.dev/documentation/webdriver/troubleshooting/errors#no-such-element-exception
Build info: version: '4.15.0', revision: '1d14b5521b'
System info: os.name: 'Windows 10', os.arch: 'amd64', os.version: '10.0', java.version: '17.0.3'
Driver info: org.openqa.selenium.chrome.ChromeDriver
Command: [483f12fee172c8eb170a131cd3e4228e, findElement {using=name, value=chkLocID[]}]
Capabilities {acceptInsecureCerts: false, browserName: chrome, browserVersion: 120.0.6099.130, chrome: {chromedriverVersion: 120.0.6099.109 (3419140ab66..., userDataDir: C:\Users\vasuk\AppData\Loca...}, fedcm:accounts: true, goog:chromeOptions: {debuggerAddress: localhost:52287}, networkConnectionEnabled: false, pageLoadStrategy: normal, platformName: windows, proxy: Proxy(), se:cdp: ws://localhost:52287/devtoo..., se:cdpVersion: 120.0.6099.130, setWindowRect: true, strictFileInteractability: false, timeouts: {implicit: 0, pageLoad: 300000, script: 30000}, unhandledPromptBehavior: dismiss and notify, webauthn:extension:credBlob: true, webauthn:extension:largeBlob: true, webauthn:extension:minPinLength: true, webauthn:extension:prf: true, webauthn:virtualAuthenticators: true}
Session ID: 483f12fee172c8eb170a131cd3e4228e
	at java.base/jdk.internal.reflect.NativeConstructorAccessorImpl.newInstance0(Native Method)
	at java.base/jdk.internal.reflect.NativeConstructorAccessorImpl.newInstance(NativeConstructorAccessorImpl.java:77)
	at java.base/jdk.internal.reflect.DelegatingConstructorAccessorImpl.newInstance(DelegatingConstructorAccessorImpl.java:45)
	at java.base/java.lang.reflect.Constructor.newInstanceWithCaller(Constructor.java:499)
	at java.base/java.lang.reflect.Constructor.newInstance(Constructor.java:480)
	at org.openqa.selenium.remote.codec.w3c.W3CHttpResponseCodec.createException(W3CHttpResponseCodec.java:200)
	at org.openqa.selenium.remote.codec.w3c.W3CHttpResponseCodec.decode(W3CHttpResponseCodec.java:133)
	at org.openqa.selenium.remote.codec.w3c.W3CHttpResponseCodec.decode(W3CHttpResponseCodec.java:52)
	at org.openqa.selenium.remote.HttpCommandExecutor.execute(HttpCommandExecutor.java:191)
	at org.openqa.selenium.remote.service.DriverCommandExecutor.invokeExecute(DriverCommandExecutor.java:200)
	at org.openqa.selenium.remote.service.DriverCommandExecutor.execute(DriverCommandExecutor.java:175)
	at org.openqa.selenium.remote.RemoteWebDriver.execute(RemoteWebDriver.java:607)
	at org.openqa.selenium.remote.ElementLocation$ElementFinder$2.findElement(ElementLocation.java:165)
	at org.openqa.selenium.remote.ElementLocation.findElement(ElementLocation.java:59)
	at org.openqa.selenium.remote.RemoteWebDriver.findElement(RemoteWebDriver.java:364)
	at org.openqa.selenium.remote.RemoteWebDriver.findElement(RemoteWebDriver.java:358)
	at com.hrms.pages.DeleteEmployeePage.deleteEmp(DeleteEmployeePage.java:24)
	at com.hrms.testscripts.TC003_DeleteEmployee.deleteEmployee(TC003_DeleteEmployee.java:21)
	at java.base/jdk.internal.reflect.NativeMethodAccessorImpl.invoke0(Native Method)
	at java.base/jdk.internal.reflect.NativeMethodAccessorImpl.invoke(NativeMethodAccessorImpl.java:77)
	at java.base/jdk.internal.reflect.DelegatingMethodAccessorImpl.invoke(DelegatingMethodAccessorImpl.java:43)
	at java.base/java.lang.reflect.Method.invoke(Method.java:568)
	at org.testng.internal.MethodInvocationHelper.invokeMethod(MethodInvocationHelper.java:80)
	at org.testng.internal.Invoker.invokeMethod(Invoker.java:714)
	at org.testng.internal.Invoker.invokeTestMethod(Invoker.java:901)
	at org.testng.internal.Invoker.invokeTestMethods(Invoker.java:1231)
	at org.testng.internal.TestMethodWorker.invokeTestMethods(TestMethodWorker.java:127)
	at org.testng.internal.TestMethodWorker.run(TestMethodWorker.java:111)
	at org.testng.TestRunner.privateRun(TestRunner.java:767)
	at org.testng.TestRunner.run(TestRunner.java:617)
	at org.testng.SuiteRunner.runTest(SuiteRunner.java:334)
	at org.testng.SuiteRunner.runSequentially(SuiteRunner.java:329)
	at org.testng.SuiteRunner.privateRun(SuiteRunner.java:291)
	at org.testng.SuiteRunner.run(SuiteRunner.java:240)
	at org.testng.SuiteRunnerWorker.runSuite(SuiteRunnerWorker.java:52)
	at org.testng.SuiteRunnerWorker.run(SuiteRunnerWorker.java:86)
	at org.testng.TestNG.runSuitesSequentially(TestNG.java:1198)
	at org.testng.TestNG.runSuitesLocally(TestNG.java:1123)
	at org.testng.TestNG.run(TestNG.java:1031)
	at org.testng.remote.AbstractRemoteTestNG.run(AbstractRemoteTestNG.java:115)
	at org.testng.remote.RemoteTestNG.initAndRun(RemoteTestNG.java:251)
	at org.testng.remote.RemoteTestNG.main(RemoteTestNG.java:77)
]]>
            </full-stacktrace>
          </exception> <!-- org.openqa.selenium.NoSuchElementException -->
          <reporter-output>
            <line>
              <![CDATA[OpenApplication]]>
            </line>
            <line>
              <![CDATA[Tittle is not matched::]]>
            </line>
            <line>
              <![CDATA[OrangeHRM - New Level of HR Management]]>
            </line>
            <line>
              <![CDATA[Application is Login]]>
            </line>
            <line>
              <![CDATA[Tittle is Verified::]]>
            </line>
            <line>
              <![CDATA[Enter the Frame]]>
            </line>
          </reporter-output>
        </test-method> <!-- deleteEmployee -->
      </class> <!-- com.hrms.testscripts.TC003_DeleteEmployee -->
      <class name="com.hrms.testscripts.TC004_EditEmployee">
        <test-method signature="editEmp()[pri:0, instance:com.hrms.testscripts.TC004_EditEmployee@2e385cce]" started-at="2024-01-02T16:10:46Z" name="editEmp" finished-at="2024-01-02T16:11:14Z" duration-ms="28461" status="PASS">
          <reporter-output>
            <line>
              <![CDATA[OpenApplication]]>
            </line>
            <line>
              <![CDATA[Tittle is not matched::]]>
            </line>
            <line>
              <![CDATA[OrangeHRM - New Level of HR Management]]>
            </line>
            <line>
              <![CDATA[Application is Login]]>
            </line>
            <line>
              <![CDATA[Tittle is Verified::]]>
            </line>
            <line>
              <![CDATA[Enter the Frame]]>
            </line>
            <line>
              <![CDATA[AddEmployee is SucessFull]]>
            </line>
            <line>
              <![CDATA[Tittle is Verified::]]>
            </line>
            <line>
              <![CDATA[Edit Employee is successfull]]>
            </line>
            <line>
              <![CDATA[Exit the Frame::]]>
            </line>
            <line>
              <![CDATA[Application is Logout::]]>
            </line>
            <line>
              <![CDATA[Close the application]]>
            </line>
          </reporter-output>
        </test-method> <!-- editEmp -->
      </class> <!-- com.hrms.testscripts.TC004_EditEmployee -->
      <class name="com.hrms.testscripts.TC002_AddEmployee">
        <test-method signature="AddEmp()[pri:0, instance:com.hrms.testscripts.TC002_AddEmployee@1a942c18]" started-at="2024-01-02T16:10:20Z" name="AddEmp" finished-at="2024-01-02T16:10:37Z" duration-ms="16317" status="PASS">
          <reporter-output>
            <line>
              <![CDATA[OpenApplication]]>
            </line>
            <line>
              <![CDATA[Tittle is Verified::]]>
            </line>
            <line>
              <![CDATA[Application is Login]]>
            </line>
            <line>
              <![CDATA[Tittle is Verified::]]>
            </line>
            <line>
              <![CDATA[Enter the Frame]]>
            </line>
            <line>
              <![CDATA[AddEmployee is SucessFull]]>
            </line>
            <line>
              <![CDATA[Tittle is Verified::]]>
            </line>
            <line>
              <![CDATA[Exit the Frame::]]>
            </line>
            <line>
              <![CDATA[Application is Logout::]]>
            </line>
            <line>
              <![CDATA[Close the application]]>
            </line>
          </reporter-output>
        </test-method> <!-- AddEmp -->
      </class> <!-- com.hrms.testscripts.TC002_AddEmployee -->
    </test> <!-- NoPackage -->
  </suite> <!-- SUITE2 -->
</testng-results>
